/home/sjyothiu/.conda/envs/crisis/bin/python
Downloading http://yann.lecun.com/exdb/mnist/train-images-idx3-ubyte.gz
Downloading http://yann.lecun.com/exdb/mnist/train-images-idx3-ubyte.gz to ../mnist/MNIST/raw/train-images-idx3-ubyte.gz
Extracting ../mnist/MNIST/raw/train-images-idx3-ubyte.gz to ../mnist/MNIST/raw

Downloading http://yann.lecun.com/exdb/mnist/train-labels-idx1-ubyte.gz
Downloading http://yann.lecun.com/exdb/mnist/train-labels-idx1-ubyte.gz to ../mnist/MNIST/raw/train-labels-idx1-ubyte.gz
Extracting ../mnist/MNIST/raw/train-labels-idx1-ubyte.gz to ../mnist/MNIST/raw

Downloading http://yann.lecun.com/exdb/mnist/t10k-images-idx3-ubyte.gz
Downloading http://yann.lecun.com/exdb/mnist/t10k-images-idx3-ubyte.gz to ../mnist/MNIST/raw/t10k-images-idx3-ubyte.gz
Extracting ../mnist/MNIST/raw/t10k-images-idx3-ubyte.gz to ../mnist/MNIST/raw

Downloading http://yann.lecun.com/exdb/mnist/t10k-labels-idx1-ubyte.gz
Downloading http://yann.lecun.com/exdb/mnist/t10k-labels-idx1-ubyte.gz to ../mnist/MNIST/raw/t10k-labels-idx1-ubyte.gz
Extracting ../mnist/MNIST/raw/t10k-labels-idx1-ubyte.gz to ../mnist/MNIST/raw

Train Epoch: 1 	Loss: 0.913205 (ε = 0.17, δ = 1e-05)
Train Epoch: 2 	Loss: 0.458320 (ε = 0.23, δ = 1e-05)
Train Epoch: 3 	Loss: 0.476107 (ε = 0.28, δ = 1e-05)
Train Epoch: 4 	Loss: 0.491697 (ε = 0.32, δ = 1e-05)
Train Epoch: 5 	Loss: 0.562155 (ε = 0.35, δ = 1e-05)
Train Epoch: 6 	Loss: 0.600707 (ε = 0.39, δ = 1e-05)
Train Epoch: 7 	Loss: 0.679287 (ε = 0.42, δ = 1e-05)
Train Epoch: 8 	Loss: 0.769883 (ε = 0.45, δ = 1e-05)
Train Epoch: 9 	Loss: 0.905641 (ε = 0.48, δ = 1e-05)
Train Epoch: 10 	Loss: 0.956317 (ε = 0.50, δ = 1e-05)

Test set: Average loss: 0.0008, Accuracy: 9163/10000 (91.63%)

